c:\users\madav sridhar\onedrive - syddansk universitet\lsp\flexdraper-visionsystem\code\testprograms\alp_projector\alp led api sample single-color\debug\vc143.pdb
c:\users\madav sridhar\onedrive - syddansk universitet\lsp\flexdraper-visionsystem\code\testprograms\alp_projector\alp led api sample single-color\debug\vc143.idb
c:\users\madav sridhar\onedrive - syddansk universitet\lsp\flexdraper-visionsystem\code\testprograms\alp_projector\alp led api sample single-color\debug\stdafx.obj
c:\users\madav sridhar\onedrive - syddansk universitet\lsp\flexdraper-visionsystem\code\testprograms\alp_projector\alp led api sample single-color\debug\alpframes.obj
c:\users\madav sridhar\onedrive - syddansk universitet\lsp\flexdraper-visionsystem\code\testprograms\alp_projector\alp led api sample single-color\debug\alpuserinterface.obj
c:\users\madav sridhar\onedrive - syddansk universitet\lsp\flexdraper-visionsystem\code\testprograms\alp_projector\alp led api sample single-color\debug\alp led api sample single-color.obj
c:\users\madav sridhar\onedrive - syddansk universitet\lsp\flexdraper-visionsystem\code\testprograms\alp_projector\alp led api sample single-color\debug\alp led api sample single-color.exe
c:\users\madav sridhar\onedrive - syddansk universitet\lsp\flexdraper-visionsystem\code\testprograms\alp_projector\alp led api sample single-color\debug\alp led api sample single-color.ilk
c:\users\madav sridhar\onedrive - syddansk universitet\lsp\flexdraper-visionsystem\code\testprograms\alp_projector\alp led api sample single-color\debug\alp led api sample single-color.pdb
c:\users\therkelsen\documents\github\lsp\alp_projector-main\alp led api sample single-color\debug\alp led api sample single-color.obj
c:\users\therkelsen\documents\github\lsp\alp_projector-main\alp led api sample single-color\debug\alpframes.obj
c:\users\therkelsen\documents\github\lsp\alp_projector-main\alp led api sample single-color\debug\alpuserinterface.obj
c:\users\therkelsen\documents\github\lsp\alp_projector-main\alp led api sample single-color\debug\stdafx.obj
c:\users\therkelsen\documents\github\lsp\alp_projector-main\alp led api sample single-color\debug\alp led api sample single-color.ilk
c:\users\therkelsen\documents\github\lsp\alp_projector-main\alp led api sample single-color\debug\vc143.idb
c:\users\therkelsen\documents\github\lsp\alp_projector-main\alp led api sample single-color\debug\alp led api sample single-color.pdb
c:\users\therkelsen\documents\github\lsp\alp_projector-main\alp led api sample single-color\debug\vc143.pdb
c:\users\therkelsen\documents\github\lsp\alp_projector-main\alp led api sample single-color\debug\alp led .af07c5bc.tlog\cl.command.1.tlog
c:\users\therkelsen\documents\github\lsp\alp_projector-main\alp led api sample single-color\debug\alp led .af07c5bc.tlog\cl.read.1.tlog
c:\users\therkelsen\documents\github\lsp\alp_projector-main\alp led api sample single-color\debug\alp led .af07c5bc.tlog\cl.write.1.tlog
c:\users\therkelsen\documents\github\lsp\alp_projector-main\alp led api sample single-color\debug\alp led .af07c5bc.tlog\link.command.1.tlog
c:\users\therkelsen\documents\github\lsp\alp_projector-main\alp led api sample single-color\debug\alp led .af07c5bc.tlog\link.read.1.tlog
c:\users\therkelsen\documents\github\lsp\alp_projector-main\alp led api sample single-color\debug\alp led .af07c5bc.tlog\link.write.1.tlog
